<html>
<head>
<title>TestNG:  ChromeTest</title>
<link href="../testng.css" rel="stylesheet" type="text/css" />
<link href="../my-testng.css" rel="stylesheet" type="text/css" />

<style type="text/css">
.log { display: none;} 
.stack-trace { display: none;} 
</style>
<script type="text/javascript">
<!--
function flip(e) {
  current = e.style.display;
  if (current == 'block') {
    e.style.display = 'none';
    return 0;
  }
  else {
    e.style.display = 'block';
    return 1;
  }
}

function toggleBox(szDivId, elem, msg1, msg2)
{
  var res = -1;  if (document.getElementById) {
    res = flip(document.getElementById(szDivId));
  }
  else if (document.all) {
    // this is the way old msie versions work
    res = flip(document.all[szDivId]);
  }
  if(elem) {
    if(res == 0) elem.innerHTML = msg1; else elem.innerHTML = msg2;
  }

}

function toggleAllBoxes() {
  if (document.getElementsByTagName) {
    d = document.getElementsByTagName('div');
    for (i = 0; i < d.length; i++) {
      if (d[i].className == 'log') {
        flip(d[i]);
      }
    }
  }
}

// -->
</script>

</head>
<body>
<h2 align='center'>ChromeTest</h2><table border='1' align="center">
<tr>
<td>Tests passed/Failed/Skipped:</td><td>0/2/0</td>
</tr><tr>
<td>Started on:</td><td>Wed Jun 09 11:52:58 WAT 2021</td>
</tr>
<tr><td>Total time:</td><td>94 seconds (94412 ms)</td>
</tr><tr>
<td>Included groups:</td><td></td>
</tr><tr>
<td>Excluded groups:</td><td></td>
</tr>
</table><p/>
<small><i>(Hover the method name to see the test class name)</i></small><p/>
<table width='100%' border='1' class='invocation-failed'>
<tr><td colspan='4' align='center'><b>FAILED TESTS</b></td></tr>
<tr><td><b>Test method</b></td>
<td width="30%"><b>Exception</b></td>
<td width="10%"><b>Time (seconds)</b></td>
<td><b>Instance</b></td>
</tr>
<tr>
<td title='com.orangebank.TestRunner.runScenario()'><b>runScenario</b><br>Test class: com.orangebank.TestRunner<br>Test method: Runs Cucumber Scenarios<br>Parameters: "Bug 669 Source code download", "Optional[Anomalies Majeures]"</td>
<td><div><pre>java.lang.AssertionError: expected [true] but found [false]
	at com.orangebank.pages.LabanquemobilePage.verifictionBug669(LabanquemobilePage.java:34)
	at com.orangebank.stepDefinitions.Bug669Stepdefs.aucunFichierNeDevraitEtreTelecharge(Bug669Stepdefs.java:30)
	at ?.No files should be downloaded(file:///Users/dylanIsrael/IdeaProjects/cucumber/OrangeBankTestAutomation/src/test/resources/features/MajorAbnormalities.feature:9)
... Removed 4 stack frames</pre></div><a href='#' onClick='toggleBox("stack-trace351027182", this, "Click to show all stack frames", "Click to hide stack frames")'>Click to show all stack frames</a>
<div class='stack-trace' id='stack-trace351027182'><pre>java.lang.AssertionError: expected [true] but found [false]
	at org.testng.Assert.fail(Assert.java:99)
	at org.testng.Assert.failNotEquals(Assert.java:1037)
	at org.testng.Assert.assertTrue(Assert.java:45)
	at org.testng.Assert.assertTrue(Assert.java:55)
	at com.orangebank.pages.LabanquemobilePage.verifictionBug669(LabanquemobilePage.java:34)
	at com.orangebank.stepDefinitions.Bug669Stepdefs.aucunFichierNeDevraitEtreTelecharge(Bug669Stepdefs.java:30)
	at ?.No files should be downloaded(file:///Users/dylanIsrael/IdeaProjects/cucumber/OrangeBankTestAutomation/src/test/resources/features/MajorAbnormalities.feature:9)
</pre></div></td>
<td>59</td>
<td>com.orangebank.TestRunner@32eebfca</td></tr>
<tr>
<td title='com.orangebank.TestRunner.runScenario()'><b>runScenario</b><br>Test class: com.orangebank.TestRunner<br>Test method: Runs Cucumber Scenarios<br>Parameters: "Bug 663 Empty menu displayed", "Optional[Annomalies mineures]"</td>
<td><div><pre>java.lang.AssertionError: expected [true] but found [false]
	at com.orangebank.pages.ForumOrangebankPage.verificationBug663(ForumOrangebankPage.java:57)
	at com.orangebank.stepDefinitions.Bug663Stepdefs.aContentShouldBeDisplayedIn(Bug663Stepdefs.java:30)
	at ?.a content should be displayed in(file:///Users/dylanIsrael/IdeaProjects/cucumber/OrangeBankTestAutomation/src/test/resources/features/MinorAbnormalities.feature:10)
... Removed 4 stack frames</pre></div><a href='#' onClick='toggleBox("stack-trace1218590282", this, "Click to show all stack frames", "Click to hide stack frames")'>Click to show all stack frames</a>
<div class='stack-trace' id='stack-trace1218590282'><pre>java.lang.AssertionError: expected [true] but found [false]
	at org.testng.Assert.fail(Assert.java:99)
	at org.testng.Assert.failNotEquals(Assert.java:1037)
	at org.testng.Assert.assertTrue(Assert.java:45)
	at org.testng.Assert.assertTrue(Assert.java:55)
	at com.orangebank.pages.ForumOrangebankPage.verificationBug663(ForumOrangebankPage.java:57)
	at com.orangebank.stepDefinitions.Bug663Stepdefs.aContentShouldBeDisplayedIn(Bug663Stepdefs.java:30)
	at ?.a content should be displayed in(file:///Users/dylanIsrael/IdeaProjects/cucumber/OrangeBankTestAutomation/src/test/resources/features/MinorAbnormalities.feature:10)
</pre></div></td>
<td>31</td>
<td>com.orangebank.TestRunner@32eebfca</td></tr>
</table><p>
</body>
</html>