<?xml version="1.0" encoding="UTF-8"?>
<!-- Generated by org.testng.reporters.JUnitXMLReporter -->
<testsuite hostname="Maknim.local" ignored="0" name="ChromeTest" tests="2" failures="2" timestamp="2021-06-09T11:54:32 WAT" time="94.412" errors="0">
  <testcase name="runScenario" time="59.07" classname="io.cucumber.testng.AbstractTestNGCucumberTests">
    <failure type="java.lang.AssertionError" message="expected [true] but found [false]">
      <![CDATA[java.lang.AssertionError: expected [true] but found [false]
at com.orangebank.pages.LabanquemobilePage.verifictionBug669(LabanquemobilePage.java:34)
at com.orangebank.stepDefinitions.Bug669Stepdefs.aucunFichierNeDevraitEtreTelecharge(Bug669Stepdefs.java:30)
at ✽.No files should be downloaded(file:///Users/dylanIsrael/IdeaProjects/cucumber/OrangeBankTestAutomation/src/test/resources/features/MajorAbnormalities.feature:9)
... Removed 4 stack frames]]>
    </failure>
  </testcase> <!-- runScenario -->
  <testcase name="runScenario" time="31.21" classname="io.cucumber.testng.AbstractTestNGCucumberTests">
    <failure type="java.lang.AssertionError" message="expected [true] but found [false]">
      <![CDATA[java.lang.AssertionError: expected [true] but found [false]
at com.orangebank.pages.ForumOrangebankPage.verificationBug663(ForumOrangebankPage.java:57)
at com.orangebank.stepDefinitions.Bug663Stepdefs.aContentShouldBeDisplayedIn(Bug663Stepdefs.java:30)
at ✽.a content should be displayed in(file:///Users/dylanIsrael/IdeaProjects/cucumber/OrangeBankTestAutomation/src/test/resources/features/MinorAbnormalities.feature:10)
... Removed 4 stack frames]]>
    </failure>
  </testcase> <!-- runScenario -->
</testsuite> <!-- ChromeTest -->
